Using pre-set license
Built from '2020.2/staging' branch; Version is '2020.2.5f1 (e2c53f129de5) revision 14861631'; Using compiler version '192528614'; Build Type 'Release'
OS: 'Windows 10 Pro for Workstations; OS build 19042.1348; Version 2009; 64bit' Language: 'en' Physical Memory: 8175 MB
BatchMode: 1, IsHumanControllingUs: 0, StartBugReporterOnCrash: 0, Is64bit: 1, IsPro: 0

 COMMAND LINE ARGUMENTS:
C:\Program Files\Unity\Editor\Unity.exe
-adb2
-batchMode
-noUpm
-name
AssetImportWorker0
-projectPath
E:/E-LEARN/Unity/Monster Chase/New Unity Project
-logFile
Logs/AssetImportWorker0.log
-srvPort
63710
Successfully changed project path to: E:/E-LEARN/Unity/Monster Chase/New Unity Project
E:/E-LEARN/Unity/Monster Chase/New Unity Project
Using Asset Import Pipeline V2.
Refreshing native plugins compatible for Editor in 32.26 ms, found 0 plugins.
Preloading 0 native plugins for Editor in 0.00 ms.
Initialize engine version: 2020.2.5f1 (e2c53f129de5)
[Subsystems] Discovering subsystems at path C:/Program Files/Unity/Editor/Data/Resources/UnitySubsystems
[Subsystems] Discovering subsystems at path E:/E-LEARN/Unity/Monster Chase/New Unity Project/Assets
GfxDevice: creating device client; threaded=0
Direct3D:
    Version:  Direct3D 11.0 [level 11.0]
    Renderer: NVIDIA GeForce GT 710 (ID=0x128b)
    Vendor:   
    VRAM:     2007 MB
    Driver:   27.21.14.5671
Initialize mono
Mono path[0] = 'C:/Program Files/Unity/Editor/Data/Managed'
Mono path[1] = 'C:/Program Files/Unity/Editor/Data/MonoBleedingEdge/lib/mono/unityjit'
Mono config path = 'C:/Program Files/Unity/Editor/Data/MonoBleedingEdge/etc'
Using monoOptions --debugger-agent=transport=dt_socket,embedding=1,server=y,suspend=n,address=127.0.0.1:56440
Begin MonoManager ReloadAssembly
Registering precompiled unity dll's ...
Register platform support module: C:/Program Files/Unity/Editor/Data/PlaybackEngines/WindowsStandaloneSupport/UnityEditor.WindowsStandalone.Extensions.dll
Registered in 0.002776 seconds.
Native extension for WindowsStandalone target not found
Refreshing native plugins compatible for Editor in 30.49 ms, found 0 plugins.
Preloading 0 native plugins for Editor in 0.00 ms.
Invoked RoslynAnalysisRunner static constructor.
RoslynAnalysisRunner will not be running.
RoslynAnalysisRunner has terminated.
Mono: successfully reloaded assembly
- Completed reload, in  1.393 seconds
Platform modules already initialized, skipping
Registering precompiled user dll's ...
Registered in 0.000613 seconds.
Begin MonoManager ReloadAssembly
Native extension for WindowsStandalone target not found
Refreshing native plugins compatible for Editor in 0.25 ms, found 0 plugins.
Preloading 0 native plugins for Editor in 0.00 ms.
Invoked RoslynAnalysisRunner static constructor.
RoslynAnalysisRunner will not be running.
RoslynAnalysisRunner has terminated.
Mono: successfully reloaded assembly
- Completed reload, in  1.080 seconds
Platform modules already initialized, skipping
========================================================================
Worker process is ready to serve import requests
Launched and connected shader compiler UnityShaderCompiler.exe after 0.05 seconds
Refreshing native plugins compatible for Editor in 0.24 ms, found 0 plugins.
Preloading 0 native plugins for Editor in 0.00 ms.
Unloading 1103 Unused Serialized files (Serialized files now loaded: 0)
System memory in use before: 56.5 MB.
System memory in use after: 56.6 MB.

Unloading 9 unused Assets to reduce memory usage. Loaded Objects now: 1545.
Total: 2.219600 ms (FindLiveObjects: 0.149200 ms CreateObjectMapping: 0.055600 ms MarkObjects: 1.922300 ms  DeleteObjects: 0.090500 ms)

========================================================================
Received Import Request.
  path: Assets
  artifactKey: Guid(00000000000000001000000000000000) Importer(815301076,1909f56bfc062723c751e8b465ee728b)
Start importing Assets using Guid(00000000000000001000000000000000) Importer(815301076,1909f56bfc062723c751e8b465ee728b)  -> (artifact id: '29f2a2471e7245fbc0aa931fa5cf45b7') in 0.011619 seconds
  Import took 0.013987 seconds .

========================================================================
Received Import Request.
  Time since last request: 12.555182 seconds.
  path: Assets/S
  artifactKey: Guid(9079ed892b548fe4a819b0123fc0f2c5) Importer(815301076,1909f56bfc062723c751e8b465ee728b)
Start importing Assets/S using Guid(9079ed892b548fe4a819b0123fc0f2c5) Importer(815301076,1909f56bfc062723c751e8b465ee728b)  -> (artifact id: 'e37ebea065eb006955f95fbf6d606d6c') in 0.011883 seconds
  Import took 0.014232 seconds .

========================================================================
Received Import Request.
  Time since last request: 7.896397 seconds.
  path: Assets/Scenes
  artifactKey: Guid(9079ed892b548fe4a819b0123fc0f2c5) Importer(815301076,1909f56bfc062723c751e8b465ee728b)
Start importing Assets/Scenes using Guid(9079ed892b548fe4a819b0123fc0f2c5) Importer(815301076,1909f56bfc062723c751e8b465ee728b)  -> (artifact id: '36aef6f0cf7196eb51397aaf19189a49') in 0.009933 seconds
  Import took 0.012458 seconds .

========================================================================
Received Import Request.
  Time since last request: 73.516756 seconds.
  path: Assets/Sprites
  artifactKey: Guid(1a269d03dfa98454baba92438ebda8ff) Importer(815301076,1909f56bfc062723c751e8b465ee728b)
Start importing Assets/Sprites using Guid(1a269d03dfa98454baba92438ebda8ff) Importer(815301076,1909f56bfc062723c751e8b465ee728b)  -> (artifact id: 'ed663f04a1b6398f0ee3cb8ef098ee7c') in 0.010232 seconds
  Import took 0.013051 seconds .

========================================================================
Received Import Request.
  Time since last request: 0.092479 seconds.
  path: Assets/Sprites/Background.jpg
  artifactKey: Guid(7fe35c7eb546124448ba44dc97d1811f) Importer(815301076,1909f56bfc062723c751e8b465ee728b)
Start importing Assets/Sprites/Background.jpg using Guid(7fe35c7eb546124448ba44dc97d1811f) Importer(815301076,1909f56bfc062723c751e8b465ee728b)  -> (artifact id: '3f72d45f615dc8bfe2e4abd954ebf240') in 0.090464 seconds
  Import took 0.093381 seconds .

========================================================================
Received Import Request.
  Time since last request: 0.000330 seconds.
  path: Assets/Sprites/Ground.jpg
  artifactKey: Guid(2537853044d3422428c96dd67e6de4fd) Importer(815301076,1909f56bfc062723c751e8b465ee728b)
Start importing Assets/Sprites/Ground.jpg using Guid(2537853044d3422428c96dd67e6de4fd) Importer(815301076,1909f56bfc062723c751e8b465ee728b)  -> (artifact id: '6e42709d9439bbf093736fa2a9fca207') in 0.039253 seconds
  Import took 0.041482 seconds .

========================================================================
Received Import Request.
  Time since last request: 0.000272 seconds.
  path: Assets/Sprites/Home.png
  artifactKey: Guid(4912190fcc3aeee42957cec9f371e0fc) Importer(815301076,1909f56bfc062723c751e8b465ee728b)
Start importing Assets/Sprites/Home.png using Guid(4912190fcc3aeee42957cec9f371e0fc) Importer(815301076,1909f56bfc062723c751e8b465ee728b)  -> (artifact id: 'ee2f467197a33199f13fc0aae9f1dc5a') in 0.035042 seconds
  Import took 0.037949 seconds .

========================================================================
Received Import Request.
  Time since last request: 0.000323 seconds.
  path: Assets/Sprites/Players.png
  artifactKey: Guid(df05e5200d7cc84428cbbcd966256810) Importer(815301076,1909f56bfc062723c751e8b465ee728b)
Start importing Assets/Sprites/Players.png using Guid(df05e5200d7cc84428cbbcd966256810) Importer(815301076,1909f56bfc062723c751e8b465ee728b)  -> (artifact id: 'def5c35a10274e2309d061442ef3939c') in 0.016037 seconds
  Import took 0.018363 seconds .

========================================================================
Received Import Request.
  Time since last request: 0.000291 seconds.
  path: Assets/Sprites/Moon.png
  artifactKey: Guid(3b6557dffea9edb4aa9cadd16facaf0c) Importer(815301076,1909f56bfc062723c751e8b465ee728b)
Start importing Assets/Sprites/Moon.png using Guid(3b6557dffea9edb4aa9cadd16facaf0c) Importer(815301076,1909f56bfc062723c751e8b465ee728b)  -> (artifact id: '3c52b14ff46d4aae019be252b12b887f') in 0.016332 seconds
  Import took 0.018401 seconds .

========================================================================
Received Import Request.
  Time since last request: 0.000275 seconds.
  path: Assets/Sprites/Enemies.png
  artifactKey: Guid(d45e53a6f1cb35a459075836e2789d58) Importer(815301076,1909f56bfc062723c751e8b465ee728b)
Start importing Assets/Sprites/Enemies.png using Guid(d45e53a6f1cb35a459075836e2789d58) Importer(815301076,1909f56bfc062723c751e8b465ee728b)  -> (artifact id: '6c16d3bb0b9afd879d900e2a08855d7e') in 0.013541 seconds
  Import took 0.016151 seconds .

========================================================================
Received Import Request.
  Time since last request: 0.000262 seconds.
  path: Assets/Sprites/Player Select.png
  artifactKey: Guid(8202f5b98d2626b42a1ad2087ba712fe) Importer(815301076,1909f56bfc062723c751e8b465ee728b)
Start importing Assets/Sprites/Player Select.png using Guid(8202f5b98d2626b42a1ad2087ba712fe) Importer(815301076,1909f56bfc062723c751e8b465ee728b)  -> (artifact id: 'e7998fb508fc1c41d146740c5b8358c7') in 0.014086 seconds
  Import took 0.016550 seconds .

========================================================================
Received Import Request.
  Time since last request: 0.000271 seconds.
  path: Assets/Sprites/Restart.png
  artifactKey: Guid(be335edcef40bac4a888c613557b07a3) Importer(815301076,1909f56bfc062723c751e8b465ee728b)
Start importing Assets/Sprites/Restart.png using Guid(be335edcef40bac4a888c613557b07a3) Importer(815301076,1909f56bfc062723c751e8b465ee728b)  -> (artifact id: 'f4eeebc17a64663bf6c46b544b64f79b') in 0.065691 seconds
  Import took 0.067996 seconds .

========================================================================
Received Import Request.
  Time since last request: 215.597380 seconds.
  path: Assets/Sprites/Players.png
  artifactKey: Guid(df05e5200d7cc84428cbbcd966256810) Importer(815301076,1909f56bfc062723c751e8b465ee728b)
Start importing Assets/Sprites/Players.png using Guid(df05e5200d7cc84428cbbcd966256810) Importer(815301076,1909f56bfc062723c751e8b465ee728b)  -> (artifact id: '74e5a8815af6b60d4c7b604dc4b6ece3') in 0.036122 seconds
  Import took 0.039256 seconds .

========================================================================
Received Prepare
Registering precompiled user dll's ...
Registered in 0.000678 seconds.
Begin MonoManager ReloadAssembly
Native extension for WindowsStandalone target not found
Refreshing native plugins compatible for Editor in 0.26 ms, found 0 plugins.
Preloading 0 native plugins for Editor in 0.00 ms.
Invoked RoslynAnalysisRunner static constructor.
RoslynAnalysisRunner will not be running.
RoslynAnalysisRunner has terminated.
Mono: successfully reloaded assembly
- Completed reload, in  1.106 seconds
Platform modules already initialized, skipping
Refreshing native plugins compatible for Editor in 0.26 ms, found 0 plugins.
Preloading 0 native plugins for Editor in 0.00 ms.
Unloading 1131 Unused Serialized files (Serialized files now loaded: 0)
System memory in use before: 57.5 MB.
System memory in use after: 57.6 MB.

Unloading 4 unused Assets to reduce memory usage. Loaded Objects now: 1585.
Total: 2.195900 ms (FindLiveObjects: 0.150700 ms CreateObjectMapping: 0.055100 ms MarkObjects: 1.947900 ms  DeleteObjects: 0.040100 ms)

========================================================================
Received Import Request.
  Time since last request: 477.117025 seconds.
  path: Assets/Sprites/Players.png
  artifactKey: Guid(df05e5200d7cc84428cbbcd966256810) Importer(815301076,1909f56bfc062723c751e8b465ee728b)
Start importing Assets/Sprites/Players.png using Guid(df05e5200d7cc84428cbbcd966256810) Importer(815301076,1909f56bfc062723c751e8b465ee728b)  -> (artifact id: '6d7efe8fd9800b6f68766c1e60df4e87') in 0.193291 seconds
  Import took 0.196452 seconds .

========================================================================
Received Import Request.
  Time since last request: 424.326484 seconds.
  path: Assets/Sprites/Players.png
  artifactKey: Guid(df05e5200d7cc84428cbbcd966256810) Importer(815301076,1909f56bfc062723c751e8b465ee728b)
Start importing Assets/Sprites/Players.png using Guid(df05e5200d7cc84428cbbcd966256810) Importer(815301076,1909f56bfc062723c751e8b465ee728b)  -> (artifact id: 'c6e00b0698056f34782f2fce467f424b') in 0.093281 seconds
  Import took 0.096540 seconds .

